<?xml version="1.0" encoding="UTF-8"?>
<!-- Generated by org.testng.reporters.JUnitXMLReporter -->
<testsuite hostname="DESKTOP-CLNTO3U" name="Default test" tests="19" failures="0" timestamp="6 Nov 2017 03:55:41 GMT" time="1.25" errors="0">
  <testcase name="@BeforeTest Verifybrowserlaunch" time="0.0" classname="com.pack.com.ranford.TestExecution">
    <failure type="org.testng.TestNGException" message="
Parameter &amp;apos;browser&amp;apos; is required by @Configuration on method Verifybrowserlaunch but has not been marked @Optional or defined
in C:\Users\KIRAN\AppData\Local\Temp\testng-eclipse-567379430\testng-customsuite.xml">
      <![CDATA[org.testng.TestNGException: 
Parameter 'browser' is required by @Configuration on method Verifybrowserlaunch but has not been marked @Optional or defined
in C:\Users\KIRAN\AppData\Local\Temp\testng-eclipse-567379430\testng-customsuite.xml
	at org.testng.internal.Parameters.createParameters(Parameters.java:154)
	at org.testng.internal.Parameters.createParameters(Parameters.java:361)
	at org.testng.internal.Parameters.createConfigurationParameters(Parameters.java:84)
	at org.testng.internal.Invoker.invokeConfigurations(Invoker.java:201)
	at org.testng.internal.Invoker.invokeConfigurations(Invoker.java:142)
	at org.testng.TestRunner.beforeRun(TestRunner.java:656)
	at org.testng.TestRunner.run(TestRunner.java:624)
	at org.testng.SuiteRunner.runTest(SuiteRunner.java:366)
	at org.testng.SuiteRunner.runSequentially(SuiteRunner.java:361)
	at org.testng.SuiteRunner.privateRun(SuiteRunner.java:319)
	at org.testng.SuiteRunner.run(SuiteRunner.java:268)
	at org.testng.SuiteRunnerWorker.runSuite(SuiteRunnerWorker.java:52)
	at org.testng.SuiteRunnerWorker.run(SuiteRunnerWorker.java:86)
	at org.testng.TestNG.runSuitesSequentially(TestNG.java:1244)
	at org.testng.TestNG.runSuitesLocally(TestNG.java:1169)
	at org.testng.TestNG.run(TestNG.java:1064)
	at org.testng.remote.AbstractRemoteTestNG.run(AbstractRemoteTestNG.java:114)
	at org.testng.remote.RemoteTestNG.initAndRun(RemoteTestNG.java:251)
	at org.testng.remote.RemoteTestNG.main(RemoteTestNG.java:77)
]]>
    </failure>
  </testcase> <!-- @BeforeTest Verifybrowserlaunch -->
  <testcase name="Verifylogin" time="0.015" classname="com.pack.com.ranford.TestExecution">
    <skipped/>
  </testcase> <!-- Verifylogin -->
  <testcase name="Verifybranches" time="0.024" classname="com.pack.com.ranford.TestExecution">
    <skipped/>
  </testcase> <!-- Verifybranches -->
  <testcase name="Verifysearchbranches" time="0.012" classname="com.pack.com.ranford.TestExecution">
    <skipped/>
  </testcase> <!-- Verifysearchbranches -->
  <testcase name="Verifynewbranche" time="0.006" classname="com.pack.com.ranford.TestExecution">
    <skipped/>
  </testcase> <!-- Verifynewbranche -->
  <testcase name="Verifynewbranche" time="0.003" classname="com.pack.com.ranford.TestExecution">
    <skipped/>
  </testcase> <!-- Verifynewbranche -->
  <testcase name="Verifynewbranche" time="0.007" classname="com.pack.com.ranford.TestExecution">
    <skipped/>
  </testcase> <!-- Verifynewbranche -->
  <testcase name="Verifynewbranche" time="0.001" classname="com.pack.com.ranford.TestExecution">
    <skipped/>
  </testcase> <!-- Verifynewbranche -->
  <testcase name="Verifynewbranche" time="0.001" classname="com.pack.com.ranford.TestExecution">
    <skipped/>
  </testcase> <!-- Verifynewbranche -->
  <testcase name="VerifyNewRole" time="0.005" classname="com.pack.com.ranford.TestExecution">
    <skipped/>
  </testcase> <!-- VerifyNewRole -->
  <testcase name="VerifyNewRole" time="0.003" classname="com.pack.com.ranford.TestExecution">
    <skipped/>
  </testcase> <!-- VerifyNewRole -->
  <testcase name="VerifyNewRole" time="0.006" classname="com.pack.com.ranford.TestExecution">
    <skipped/>
  </testcase> <!-- VerifyNewRole -->
  <testcase name="VerifyNewRole" time="0.003" classname="com.pack.com.ranford.TestExecution">
    <skipped/>
  </testcase> <!-- VerifyNewRole -->
  <testcase name="VerifyNewRole" time="0.004" classname="com.pack.com.ranford.TestExecution">
    <skipped/>
  </testcase> <!-- VerifyNewRole -->
  <testcase name="VerifyEmpCreation" time="0.004" classname="com.pack.com.ranford.TestExecution">
    <skipped/>
  </testcase> <!-- VerifyEmpCreation -->
  <testcase name="VerifyEmpCreation" time="0.003" classname="com.pack.com.ranford.TestExecution">
    <skipped/>
  </testcase> <!-- VerifyEmpCreation -->
  <testcase name="VerifyEmpCreation" time="0.007" classname="com.pack.com.ranford.TestExecution">
    <skipped/>
  </testcase> <!-- VerifyEmpCreation -->
  <testcase name="VerifyEmpCreation" time="0.008" classname="com.pack.com.ranford.TestExecution">
    <skipped/>
  </testcase> <!-- VerifyEmpCreation -->
  <testcase name="VerifyEmpCreation" time="0.011" classname="com.pack.com.ranford.TestExecution">
    <skipped/>
  </testcase> <!-- VerifyEmpCreation -->
  <testcase name="Verifybrowserclose" time="0.003" classname="com.pack.com.ranford.TestExecution">
    <skipped/>
  </testcase> <!-- Verifybrowserclose -->
</testsuite> <!-- Default test -->
